{"/home/hugo-dev/minimal-bare/App.js": {"path":"/home/hugo-dev/minimal-bare/App.js","statementMap":{"0":{"start":{"line":10,"column":14},"end":{"line":10,"column":36}},"1":{"start":{"line":13,"column":2},"end":{"line":20,"column":4}}},"fnMap":{"0":{"name":"App","decl":{"start":{"line":12,"column":9},"end":{"line":12,"column":12}},"loc":{"start":{"line":12,"column":15},"end":{"line":21,"column":1}},"line":12}},"branchMap":{},"s":{"0":1,"1":1},"f":{"0":1},"b":{},"_coverageSchema":"1a1c01bbd47fc00a2c39e90264f33305004495a9","hash":"1dd6740efcf5847c9de3810999234a7767bf9dd9"}
,"/home/hugo-dev/minimal-bare/src/screens/DetailsScreen.js": {"path":"/home/hugo-dev/minimal-bare/src/screens/DetailsScreen.js","statementMap":{"0":{"start":{"line":7,"column":2},"end":{"line":12,"column":4}}},"fnMap":{"0":{"name":"DetailsScreen","decl":{"start":{"line":6,"column":9},"end":{"line":6,"column":22}},"loc":{"start":{"line":6,"column":25},"end":{"line":13,"column":1}},"line":6}},"branchMap":{},"s":{"0":0},"f":{"0":0},"b":{},"_coverageSchema":"1a1c01bbd47fc00a2c39e90264f33305004495a9","hash":"ff3a0ea725aeffef14fe770113d008f54d5f905a"}
,"/home/hugo-dev/minimal-bare/src/screens/HomeScreen.js": {"path":"/home/hugo-dev/minimal-bare/src/screens/HomeScreen.js","statementMap":{"0":{"start":{"line":8,"column":2},"end":{"line":18,"column":4}},"1":{"start":{"line":14,"column":24},"end":{"line":14,"column":54}},"2":{"start":{"line":21,"column":0},"end":{"line":39,"column":14}}},"fnMap":{"0":{"name":"HomeScreen","decl":{"start":{"line":7,"column":9},"end":{"line":7,"column":19}},"loc":{"start":{"line":7,"column":36},"end":{"line":19,"column":1}},"line":7},"1":{"name":"(anonymous_1)","decl":{"start":{"line":14,"column":18},"end":{"line":14,"column":19}},"loc":{"start":{"line":14,"column":24},"end":{"line":14,"column":54}},"line":14}},"branchMap":{},"s":{"0":1,"1":0,"2":1},"f":{"0":1,"1":0},"b":{},"_coverageSchema":"1a1c01bbd47fc00a2c39e90264f33305004495a9","hash":"ff0ea2c888e05efa19cb588a411ed3c43c621a4e"}
}
